Build started 9/24/2021 11:14:54 AM.
     1>Project "D:\1.2\CSE1200 Lab\iGraphics\iGraphics Project\iGraphics Project\iGraphics Project.vcxproj" on node 2 (build target(s)).
     1>InitializeBuildStatus:
         Creating "Debug\iGraphics Project.unsuccessfulbuild" because "AlwaysCreate" was specified.
       ClCompile:
         C:\Program Files (x86)\Microsoft Visual Studio 10.0\VC\bin\CL.exe /c /ZI /nologo /W3 /WX- /Od /Oy- /D _MBCS /Gm /EHsc /RTC1 /MDd /GS /fp:precise /Zc:wchar_t /Zc:forScope /Fo"Debug\\" /Fd"Debug\vc100.pdb" /Gd /TP /analyze- /errorReport:prompt TextInputDemo.cpp
         TextInputDemo.cpp
     1>d:\1.2\cse1200 lab\igraphics\igraphics project\igraphics project\textinputdemo.cpp(84): warning C4996: 'strcpy': This function or variable may be unsafe. Consider using strcpy_s instead. To disable deprecation, use _CRT_SECURE_NO_WARNINGS. See online help for details.
                 c:\program files (x86)\microsoft visual studio 10.0\vc\include\string.h(105) : see declaration of 'strcpy'
       Link:
         C:\Program Files (x86)\Microsoft Visual Studio 10.0\VC\bin\link.exe /ERRORREPORT:PROMPT /OUT:"D:\1.2\CSE1200 Lab\iGraphics\iGraphics Project\Debug\iGraphics Project.exe" /NOLOGO kernel32.lib user32.lib gdi32.lib winspool.lib comdlg32.lib advapi32.lib shell32.lib ole32.lib oleaut32.lib uuid.lib odbc32.lib odbccp32.lib /MANIFEST /ManifestFile:"Debug\iGraphics Project.exe.intermediate.manifest" /MANIFESTUAC:"level='asInvoker' uiAccess='false'" /DEBUG /PDB:"D:\1.2\CSE1200 Lab\iGraphics\iGraphics Project\Debug\iGraphics Project.pdb" /TLBID:1 /DYNAMICBASE /NXCOMPAT /IMPLIB:"D:\1.2\CSE1200 Lab\iGraphics\iGraphics Project\Debug\iGraphics Project.lib" /MACHINE:X86 Debug\TextInputDemo.obj
         LINK : D:\1.2\CSE1200 Lab\iGraphics\iGraphics Project\Debug\iGraphics Project.exe not found or not built by the last incremental link; performing full link
         iGraphics Project.vcxproj -> D:\1.2\CSE1200 Lab\iGraphics\iGraphics Project\Debug\iGraphics Project.exe
       Manifest:
         C:\Program Files (x86)\Microsoft SDKs\Windows\v7.0A\bin\mt.exe /nologo /verbose /outputresource:"D:\1.2\CSE1200 Lab\iGraphics\iGraphics Project\Debug\iGraphics Project.exe;#1" /manifest "Debug\iGraphics Project.exe.intermediate.manifest"
       FinalizeBuildStatus:
         Deleting file "Debug\iGraphics Project.unsuccessfulbuild".
         Touching "Debug\iGraphics Project.lastbuildstate".
     1>Done Building Project "D:\1.2\CSE1200 Lab\iGraphics\iGraphics Project\iGraphics Project\iGraphics Project.vcxproj" (build target(s)).

Build succeeded.

Time Elapsed 00:00:01.49
